<?xml version="1.0" encoding="UTF-8"?>
<testng-results ignored="0" total="3" passed="3" failed="0" skipped="0">
  <reporter-output>
  </reporter-output>
  <suite started-at="2023-05-01T19:43:52 EEST" name="Default suite" finished-at="2023-05-01T19:44:07 EEST" duration-ms="14914">
    <groups>
    </groups>
    <test started-at="2023-05-01T19:43:52 EEST" name="Default test" finished-at="2023-05-01T19:44:07 EEST" duration-ms="14914">
      <class name="todoSite.todo">
        <test-method is-config="true" signature="setup()[pri:0, instance:todoSite.todo@5d28bcd5]" started-at="2023-05-01T19:43:52 EEST" name="setup" finished-at="2023-05-01T19:43:52 EEST" duration-ms="9" status="PASS">
          <reporter-output>
          </reporter-output>
        </test-method> <!-- setup -->
        <test-method signature="register()[pri:1, instance:todoSite.todo@5d28bcd5]" started-at="2023-05-01T19:43:52 EEST" name="register" finished-at="2023-05-01T19:43:56 EEST" duration-ms="4120" status="PASS">
          <reporter-output>
          </reporter-output>
        </test-method> <!-- register -->
        <test-method signature="addToDo()[pri:2, instance:todoSite.todo@5d28bcd5]" started-at="2023-05-01T19:43:56 EEST" name="addToDo" finished-at="2023-05-01T19:44:03 EEST" duration-ms="6486" status="PASS">
          <reporter-output>
          </reporter-output>
        </test-method> <!-- addToDo -->
        <test-method signature="deleteToDo()[pri:3, instance:todoSite.todo@5d28bcd5]" started-at="2023-05-01T19:44:03 EEST" name="deleteToDo" finished-at="2023-05-01T19:44:07 EEST" duration-ms="4249" status="PASS">
          <reporter-output>
          </reporter-output>
        </test-method> <!-- deleteToDo -->
      </class> <!-- todoSite.todo -->
    </test> <!-- Default test -->
  </suite> <!-- Default suite -->
</testng-results>
