<?xml version="1.0" encoding="UTF-8"?>
<testng-results ignored="0" total="3" passed="3" failed="0" skipped="0">
  <reporter-output>
  </reporter-output>
  <suite started-at="2023-05-05T17:28:37 EEST" name="Default suite" finished-at="2023-05-05T17:28:55 EEST" duration-ms="17503">
    <groups>
    </groups>
    <test started-at="2023-05-05T17:28:37 EEST" name="Default test" finished-at="2023-05-05T17:28:55 EEST" duration-ms="17503">
      <class name="todoSite.todo">
        <test-method is-config="true" signature="setup()[pri:0, instance:todoSite.todo@5d28bcd5]" started-at="2023-05-05T17:28:37 EEST" name="setup" finished-at="2023-05-05T17:28:37 EEST" duration-ms="6" status="PASS">
          <reporter-output>
          </reporter-output>
        </test-method> <!-- setup -->
        <test-method signature="register()[pri:1, instance:todoSite.todo@5d28bcd5]" started-at="2023-05-05T17:28:37 EEST" name="register" finished-at="2023-05-05T17:28:44 EEST" duration-ms="6071" status="PASS">
          <reporter-output>
          </reporter-output>
        </test-method> <!-- register -->
        <test-method signature="addToDo()[pri:2, instance:todoSite.todo@5d28bcd5]" started-at="2023-05-05T17:28:44 EEST" name="addToDo" finished-at="2023-05-05T17:28:52 EEST" duration-ms="8301" status="PASS">
          <reporter-output>
          </reporter-output>
        </test-method> <!-- addToDo -->
        <test-method signature="deleteToDo()[pri:3, instance:todoSite.todo@5d28bcd5]" started-at="2023-05-05T17:28:52 EEST" name="deleteToDo" finished-at="2023-05-05T17:28:55 EEST" duration-ms="3099" status="PASS">
          <reporter-output>
          </reporter-output>
        </test-method> <!-- deleteToDo -->
      </class> <!-- todoSite.todo -->
    </test> <!-- Default test -->
  </suite> <!-- Default suite -->
</testng-results>
